#
# There is insufficient memory for the Java Runtime Environment to continue.
# Native memory allocation (malloc) failed to allocate 262160 bytes for Chunk::new
# Possible reasons:
#   The system is out of physical RAM or swap space
#   The process is running with CompressedOops enabled, and the Java Heap may be blocking the growth of the native heap
# Possible solutions:
#   Reduce memory load on the system
#   Increase physical memory or swap space
#   Check if swap backing store is full
#   Decrease Java heap size (-Xmx/-Xms)
#   Decrease number of Java threads
#   Decrease Java thread stack sizes (-Xss)
#   Set larger code cache with -XX:ReservedCodeCacheSize=
#   JVM is running with Unscaled Compressed Oops mode in which the Java heap is
#     placed in the first 4GB address space. The Java Heap base address is the
#     maximum limit for the native heap growth. Please use -XX:HeapBaseMinAddress
#     to set the Java Heap base and to place the Java Heap above 4GB virtual address.
# This output file may be truncated or incomplete.
#
#  Out of Memory Error (arena.cpp:184), pid=7788, tid=12656
#
# JRE version: Java(TM) SE Runtime Environment (20.0.2+9) (build 20.0.2+9-78)
# Java VM: Java HotSpot(TM) 64-Bit Server VM (20.0.2+9-78, mixed mode, sharing, tiered, compressed oops, compressed class ptrs, g1 gc, windows-amd64)
# No core dump will be written. Minidumps are not enabled by default on client versions of Windows
#

---------------  S U M M A R Y ------------

Command Line: com.mycompany.tetrisjava.Start

Host: AMD Ryzen 5 PRO 3500U w/ Radeon Vega Mobile Gfx, 8 cores, 6G,  Windows 11 , 64 bit Build 22621 (10.0.22621.3527)
Time: Fri May 17 12:32:32 2024 ora legale Europa occidentale elapsed time: 10.301036 seconds (0d 0h 0m 10s)

---------------  T H R E A D  ---------------

Current thread (0x000001b4b230a300):  JavaThread "C2 CompilerThread0" daemon [_thread_in_native, id=12656, stack(0x0000006dbb300000,0x0000006dbb400000)]


Current CompileTask:
C2:  10301 1932   !   4       sun.java2d.SunGraphics2D::drawImage (202 bytes)

Stack: [0x0000006dbb300000,0x0000006dbb400000]
Native frames: (J=compiled Java code, j=interpreted, Vv=VM code, C=native code)
V  [jvm.dll+0x6bc25a]
V  [jvm.dll+0x84971a]
V  [jvm.dll+0x84b315]
V  [jvm.dll+0x84ba13]
V  [jvm.dll+0x280e4f]
V  [jvm.dll+0xc2ab1]
V  [jvm.dll+0xc2dd5]
V  [jvm.dll+0xc2bd4]
V  [jvm.dll+0x69b28a]
V  [jvm.dll+0x64dc3a]
V  [jvm.dll+0x64bb40]
V  [jvm.dll+0x24b3ae]
V  [jvm.dll+0x24a921]
V  [jvm.dll+0x1ce761]
V  [jvm.dll+0x25a0eb]
V  [jvm.dll+0x2587c0]
V  [jvm.dll+0x3f2dd5]
V  [jvm.dll+0x7f5c76]
V  [jvm.dll+0x6baecb]
C  [ucrtbase.dll+0x29333]
C  [KERNEL32.DLL+0x1257d]
C  [ntdll.dll+0x5aa48]


---------------  P R O C E S S  ---------------

Threads class SMR info:
_java_thread_list=0x000001b4f786d840, length=18, elements={
0x000001b4b22f5560, 0x000001b4b22f6360, 0x000001b4b22ffcc0, 0x000001b4b2301810,
0x000001b4b2304160, 0x000001b4b2304aa0, 0x000001b4b230a300, 0x000001b4b230b420,
0x000001b4f7618830, 0x000001b4f7629e70, 0x000001b4f77ff990, 0x000001b4f782f7b0,
0x000001b4f7832da0, 0x000001b4f7fb3340, 0x000001b4fd5ee010, 0x000001b4fd80cee0,
0x000001b4fd80c990, 0x000001b4fd80ded0
}

Java Threads: ( => current thread )
  0x000001b4b22f5560 JavaThread "Reference Handler" daemon [_thread_blocked, id=14268, stack(0x0000006dbad00000,0x0000006dbae00000)]
  0x000001b4b22f6360 JavaThread "Finalizer" daemon [_thread_blocked, id=9028, stack(0x0000006dbae00000,0x0000006dbaf00000)]
  0x000001b4b22ffcc0 JavaThread "Signal Dispatcher" daemon [_thread_blocked, id=12688, stack(0x0000006dbaf00000,0x0000006dbb000000)]
  0x000001b4b2301810 JavaThread "Attach Listener" daemon [_thread_blocked, id=1820, stack(0x0000006dbb000000,0x0000006dbb100000)]
  0x000001b4b2304160 JavaThread "Service Thread" daemon [_thread_blocked, id=10496, stack(0x0000006dbb100000,0x0000006dbb200000)]
  0x000001b4b2304aa0 JavaThread "Monitor Deflation Thread" daemon [_thread_blocked, id=13540, stack(0x0000006dbb200000,0x0000006dbb300000)]
=>0x000001b4b230a300 JavaThread "C2 CompilerThread0" daemon [_thread_in_native, id=12656, stack(0x0000006dbb300000,0x0000006dbb400000)]
  0x000001b4b230b420 JavaThread "C1 CompilerThread0" daemon [_thread_blocked, id=14784, stack(0x0000006dbb400000,0x0000006dbb500000)]
  0x000001b4f7618830 JavaThread "Notification Thread" daemon [_thread_blocked, id=16304, stack(0x0000006dbb500000,0x0000006dbb600000)]
  0x000001b4f7629e70 JavaThread "Common-Cleaner" daemon [_thread_blocked, id=8236, stack(0x0000006dbb700000,0x0000006dbb800000)]
  0x000001b4f77ff990 JavaThread "Java2D Disposer" daemon [_thread_blocked, id=6040, stack(0x0000006dbb800000,0x0000006dbb900000)]
  0x000001b4f782f7b0 JavaThread "AWT-Shutdown" [_thread_blocked, id=1868, stack(0x0000006dbb900000,0x0000006dbba00000)]
  0x000001b4f7832da0 JavaThread "AWT-Windows" daemon [_thread_in_native, id=9208, stack(0x0000006dbba00000,0x0000006dbbb00000)]
  0x000001b4f7fb3340 JavaThread "Image Fetcher 0" daemon [_thread_blocked, id=11340, stack(0x0000006dbc400000,0x0000006dbc500000)]
  0x000001b4fd5ee010 JavaThread "AWT-EventQueue-0" [_thread_in_native, id=7080, stack(0x0000006dbc500000,0x0000006dbc600000)]
  0x000001b4fd80cee0 JavaThread "Thread-0" [_thread_blocked, id=9196, stack(0x0000006dbc600000,0x0000006dbc700000)]
  0x000001b4fd80c990 JavaThread "DestroyJavaVM" [_thread_blocked, id=8288, stack(0x0000006dba600000,0x0000006dba700000)]
  0x000001b4fd80ded0 JavaThread "D3D Screen Updater" daemon [_thread_blocked, id=11644, stack(0x0000006dbc700000,0x0000006dbc800000)]

Other Threads:
  0x000001b4b22dd0e0 VMThread "VM Thread" [stack: 0x0000006dbac00000,0x0000006dbad00000] [id=5076]
  0x000001b4f76225d0 WatcherThread "VM Periodic Task Thread" [stack: 0x0000006dbb600000,0x0000006dbb700000] [id=9864]
  0x000001b495f17d80 WorkerThread "GC Thread#0" [stack: 0x0000006dba700000,0x0000006dba800000] [id=14108]
  0x000001b4f80422e0 WorkerThread "GC Thread#1" [stack: 0x0000006dbc800000,0x0000006dbc900000] [id=6612]
  0x000001b4f80417a0 WorkerThread "GC Thread#2" [stack: 0x0000006dbc900000,0x0000006dbca00000] [id=8308]
  0x000001b4f8042010 WorkerThread "GC Thread#3" [stack: 0x0000006dbca00000,0x0000006dbcb00000] [id=9696]
  0x000001b4f80425b0 WorkerThread "GC Thread#4" [stack: 0x0000006dbcb00000,0x0000006dbcc00000] [id=9648]
  0x000001b4f8042b50 WorkerThread "GC Thread#5" [stack: 0x0000006dbcc00000,0x0000006dbcd00000] [id=6872]
  0x000001b4f8041d40 WorkerThread "GC Thread#6" [stack: 0x0000006dbcd00000,0x0000006dbce00000] [id=12192]
  0x000001b4f8042e20 WorkerThread "GC Thread#7" [stack: 0x0000006dbce00000,0x0000006dbcf00000] [id=9540]
  0x000001b495f28220 ConcurrentGCThread "G1 Main Marker" [stack: 0x0000006dba800000,0x0000006dba900000] [id=1248]
  0x000001b495f28c50 WorkerThread "G1 Conc#0" [stack: 0x0000006dba900000,0x0000006dbaa00000] [id=14684]
  0x000001b495f7eb80 ConcurrentGCThread "G1 Refine#0" [stack: 0x0000006dbaa00000,0x0000006dbab00000] [id=8252]
  0x000001b4b2198b50 ConcurrentGCThread "G1 Service" [stack: 0x0000006dbab00000,0x0000006dbac00000] [id=14384]

Threads with active compile tasks:
C2 CompilerThread0    10385 1932   !   4       sun.java2d.SunGraphics2D::drawImage (202 bytes)

VM state: not at safepoint (normal execution)

VM Mutex/Monitor currently owned by a thread: None

Heap address: 0x0000000091e00000, size: 1762 MB, Compressed Oops mode: 32-bit

CDS archive(s) mapped at: [0x000001b4b2400000-0x000001b4b3060000-0x000001b4b3060000), size 12976128, SharedBaseAddress: 0x000001b4b2400000, ArchiveRelocationMode: 1.
Compressed class space mapped at: 0x000001b4b3400000-0x000001b4f3400000, reserved size: 1073741824
Narrow klass base: 0x000001b4b2400000, Narrow klass shift: 0, Narrow klass range: 0x100000000

GC Precious Log:
 CardTable entry size: 512
 Card Set container configuration: InlinePtr #cards 5 size 8 Array Of Cards #cards 12 size 40 Howl #buckets 4 coarsen threshold 1843 Howl Bitmap #cards 512 size 80 coarsen threshold 460 Card regions per heap region 1 cards per card region 2048
 CPUs: 8 total, 8 available
 Memory: 7046M
 Large Page Support: Disabled
 NUMA Support: Disabled
 Compressed Oops: Enabled (32-bit)
 Heap Region Size: 1M
 Heap Min Capacity: 8M
 Heap Initial Capacity: 112M
 Heap Max Capacity: 1762M
 Pre-touch: Disabled
 Parallel Workers: 8
 Concurrent Workers: 2
 Concurrent Refinement Workers: 8
 Periodic GC: Disabled

Heap:
 garbage-first heap   total 114688K, used 41760K [0x0000000091e00000, 0x0000000100000000)
  region size 1024K, 25 young (25600K), 3 survivors (3072K)
 Metaspace       used 7851K, committed 8128K, reserved 1114112K
  class space    used 766K, committed 896K, reserved 1048576K

Heap Regions: E=young(eden), S=young(survivor), O=old, HS=humongous(starts), HC=humongous(continues), CS=collection set, F=free, OA=open archive, CA=closed archive, TAMS=top-at-mark-start, PB=parsable bottom
|   0|0x0000000091e00000, 0x0000000091f00000, 0x0000000091f00000|100%|HS|  |TAMS 0x0000000091e00000| PB 0x0000000091e00000| Complete 
|   1|0x0000000091f00000, 0x0000000092000000, 0x0000000092000000|100%|HC|  |TAMS 0x0000000091f00000| PB 0x0000000091f00000| Complete 
|   2|0x0000000092000000, 0x0000000092100000, 0x0000000092100000|100%|HC|  |TAMS 0x0000000092000000| PB 0x0000000092000000| Complete 
|   3|0x0000000092100000, 0x0000000092200000, 0x0000000092200000|100%|HC|  |TAMS 0x0000000092100000| PB 0x0000000092100000| Complete 
|   4|0x0000000092200000, 0x0000000092300000, 0x0000000092300000|100%|HC|  |TAMS 0x0000000092200000| PB 0x0000000092200000| Complete 
|   5|0x0000000092300000, 0x0000000092400000, 0x0000000092400000|100%|HC|  |TAMS 0x0000000092300000| PB 0x0000000092300000| Complete 
|   6|0x0000000092400000, 0x0000000092500000, 0x0000000092500000|100%|HC|  |TAMS 0x0000000092400000| PB 0x0000000092400000| Complete 
|   7|0x0000000092500000, 0x0000000092600000, 0x0000000092600000|100%|HC|  |TAMS 0x0000000092500000| PB 0x0000000092500000| Complete 
|   8|0x0000000092600000, 0x0000000092700000, 0x0000000092700000|100%|HC|  |TAMS 0x0000000092600000| PB 0x0000000092600000| Complete 
|   9|0x0000000092700000, 0x0000000092800000, 0x0000000092800000|100%|HC|  |TAMS 0x0000000092700000| PB 0x0000000092700000| Complete 
|  10|0x0000000092800000, 0x0000000092900000, 0x0000000092900000|100%|HC|  |TAMS 0x0000000092800000| PB 0x0000000092800000| Complete 
|  11|0x0000000092900000, 0x0000000092a00000, 0x0000000092a00000|100%|HC|  |TAMS 0x0000000092900000| PB 0x0000000092900000| Complete 
|  12|0x0000000092a00000, 0x0000000092b00000, 0x0000000092b00000|100%|HC|  |TAMS 0x0000000092a00000| PB 0x0000000092a00000| Complete 
|  13|0x0000000092b00000, 0x0000000092c00000, 0x0000000092c00000|100%|HC|  |TAMS 0x0000000092b00000| PB 0x0000000092b00000| Complete 
|  14|0x0000000092c00000, 0x0000000092d00000, 0x0000000092d00000|100%|HS|  |TAMS 0x0000000092c00000| PB 0x0000000092c00000| Complete 
|  15|0x0000000092d00000, 0x0000000092e00000, 0x0000000092e00000|100%|HC|  |TAMS 0x0000000092d00000| PB 0x0000000092d00000| Complete 
|  16|0x0000000092e00000, 0x0000000092f00000, 0x0000000092f00000|100%|HC|  |TAMS 0x0000000092e00000| PB 0x0000000092e00000| Complete 
|  17|0x0000000092f00000, 0x0000000092f00000, 0x0000000093000000|  0%| F|  |TAMS 0x0000000092f00000| PB 0x0000000092f00000| Untracked 
|  18|0x0000000093000000, 0x0000000093000000, 0x0000000093100000|  0%| F|  |TAMS 0x0000000093000000| PB 0x0000000093000000| Untracked 
|  19|0x0000000093100000, 0x0000000093100000, 0x0000000093200000|  0%| F|  |TAMS 0x0000000093100000| PB 0x0000000093100000| Untracked 
|  20|0x0000000093200000, 0x0000000093200000, 0x0000000093300000|  0%| F|  |TAMS 0x0000000093200000| PB 0x0000000093200000| Untracked 
|  21|0x0000000093300000, 0x0000000093300000, 0x0000000093400000|  0%| F|  |TAMS 0x0000000093300000| PB 0x0000000093300000| Untracked 
|  22|0x0000000093400000, 0x0000000093400000, 0x0000000093500000|  0%| F|  |TAMS 0x0000000093400000| PB 0x0000000093400000| Untracked 
|  23|0x0000000093500000, 0x0000000093500000, 0x0000000093600000|  0%| F|  |TAMS 0x0000000093500000| PB 0x0000000093500000| Untracked 
|  24|0x0000000093600000, 0x0000000093600000, 0x0000000093700000|  0%| F|  |TAMS 0x0000000093600000| PB 0x0000000093600000| Untracked 
|  25|0x0000000093700000, 0x0000000093700000, 0x0000000093800000|  0%| F|  |TAMS 0x0000000093700000| PB 0x0000000093700000| Untracked 
|  26|0x0000000093800000, 0x0000000093800000, 0x0000000093900000|  0%| F|  |TAMS 0x0000000093800000| PB 0x0000000093800000| Untracked 
|  27|0x0000000093900000, 0x0000000093900000, 0x0000000093a00000|  0%| F|  |TAMS 0x0000000093900000| PB 0x0000000093900000| Untracked 
|  28|0x0000000093a00000, 0x0000000093a00000, 0x0000000093b00000|  0%| F|  |TAMS 0x0000000093a00000| PB 0x0000000093a00000| Untracked 
|  29|0x0000000093b00000, 0x0000000093b00000, 0x0000000093c00000|  0%| F|  |TAMS 0x0000000093b00000| PB 0x0000000093b00000| Untracked 
|  30|0x0000000093c00000, 0x0000000093c00000, 0x0000000093d00000|  0%| F|  |TAMS 0x0000000093c00000| PB 0x0000000093c00000| Untracked 
|  31|0x0000000093d00000, 0x0000000093d00000, 0x0000000093e00000|  0%| F|  |TAMS 0x0000000093d00000| PB 0x0000000093d00000| Untracked 
|  32|0x0000000093e00000, 0x0000000093e00000, 0x0000000093f00000|  0%| F|  |TAMS 0x0000000093e00000| PB 0x0000000093e00000| Untracked 
|  33|0x0000000093f00000, 0x0000000093f00000, 0x0000000094000000|  0%| F|  |TAMS 0x0000000093f00000| PB 0x0000000093f00000| Untracked 
|  34|0x0000000094000000, 0x0000000094000000, 0x0000000094100000|  0%| F|  |TAMS 0x0000000094000000| PB 0x0000000094000000| Untracked 
|  35|0x0000000094100000, 0x0000000094100000, 0x0000000094200000|  0%| F|  |TAMS 0x0000000094100000| PB 0x0000000094100000| Untracked 
|  36|0x0000000094200000, 0x0000000094200000, 0x0000000094300000|  0%| F|  |TAMS 0x0000000094200000| PB 0x0000000094200000| Untracked 
|  37|0x0000000094300000, 0x0000000094300000, 0x0000000094400000|  0%| F|  |TAMS 0x0000000094300000| PB 0x0000000094300000| Untracked 
|  38|0x0000000094400000, 0x0000000094400000, 0x0000000094500000|  0%| F|  |TAMS 0x0000000094400000| PB 0x0000000094400000| Untracked 
|  39|0x0000000094500000, 0x0000000094500000, 0x0000000094600000|  0%| F|  |TAMS 0x0000000094500000| PB 0x0000000094500000| Untracked 
|  40|0x0000000094600000, 0x0000000094600000, 0x0000000094700000|  0%| F|  |TAMS 0x0000000094600000| PB 0x0000000094600000| Untracked 
|  41|0x0000000094700000, 0x0000000094700000, 0x0000000094800000|  0%| F|  |TAMS 0x0000000094700000| PB 0x0000000094700000| Untracked 
|  42|0x0000000094800000, 0x0000000094800000, 0x0000000094900000|  0%| F|  |TAMS 0x0000000094800000| PB 0x0000000094800000| Untracked 
|  43|0x0000000094900000, 0x0000000094900000, 0x0000000094a00000|  0%| F|  |TAMS 0x0000000094900000| PB 0x0000000094900000| Untracked 
|  44|0x0000000094a00000, 0x0000000094a00000, 0x0000000094b00000|  0%| F|  |TAMS 0x0000000094a00000| PB 0x0000000094a00000| Untracked 
|  45|0x0000000094b00000, 0x0000000094b00000, 0x0000000094c00000|  0%| F|  |TAMS 0x0000000094b00000| PB 0x0000000094b00000| Untracked 
|  46|0x0000000094c00000, 0x0000000094c00000, 0x0000000094d00000|  0%| F|  |TAMS 0x0000000094c00000| PB 0x0000000094c00000| Untracked 
|  47|0x0000000094d00000, 0x0000000094d00000, 0x0000000094e00000|  0%| F|  |TAMS 0x0000000094d00000| PB 0x0000000094d00000| Untracked 
|  48|0x0000000094e00000, 0x0000000094e00000, 0x0000000094f00000|  0%| F|  |TAMS 0x0000000094e00000| PB 0x0000000094e00000| Untracked 
|  49|0x0000000094f00000, 0x0000000094f00000, 0x0000000095000000|  0%| F|  |TAMS 0x0000000094f00000| PB 0x0000000094f00000| Untracked 
|  50|0x0000000095000000, 0x0000000095000000, 0x0000000095100000|  0%| F|  |TAMS 0x0000000095000000| PB 0x0000000095000000| Untracked 
|  51|0x0000000095100000, 0x0000000095100000, 0x0000000095200000|  0%| F|  |TAMS 0x0000000095100000| PB 0x0000000095100000| Untracked 
|  52|0x0000000095200000, 0x0000000095200000, 0x0000000095300000|  0%| F|  |TAMS 0x0000000095200000| PB 0x0000000095200000| Untracked 
|  53|0x0000000095300000, 0x0000000095300000, 0x0000000095400000|  0%| F|  |TAMS 0x0000000095300000| PB 0x0000000095300000| Untracked 
|  54|0x0000000095400000, 0x0000000095400000, 0x0000000095500000|  0%| F|  |TAMS 0x0000000095400000| PB 0x0000000095400000| Untracked 
|  55|0x0000000095500000, 0x0000000095500000, 0x0000000095600000|  0%| F|  |TAMS 0x0000000095500000| PB 0x0000000095500000| Untracked 
|  56|0x0000000095600000, 0x0000000095600000, 0x0000000095700000|  0%| F|  |TAMS 0x0000000095600000| PB 0x0000000095600000| Untracked 
|  57|0x0000000095700000, 0x0000000095700000, 0x0000000095800000|  0%| F|  |TAMS 0x0000000095700000| PB 0x0000000095700000| Untracked 
|  58|0x0000000095800000, 0x0000000095800000, 0x0000000095900000|  0%| F|  |TAMS 0x0000000095800000| PB 0x0000000095800000| Untracked 
|  59|0x0000000095900000, 0x0000000095900000, 0x0000000095a00000|  0%| F|  |TAMS 0x0000000095900000| PB 0x0000000095900000| Untracked 
|  60|0x0000000095a00000, 0x0000000095a00000, 0x0000000095b00000|  0%| F|  |TAMS 0x0000000095a00000| PB 0x0000000095a00000| Untracked 
|  61|0x0000000095b00000, 0x0000000095b00000, 0x0000000095c00000|  0%| F|  |TAMS 0x0000000095b00000| PB 0x0000000095b00000| Untracked 
|  62|0x0000000095c00000, 0x0000000095c00000, 0x0000000095d00000|  0%| F|  |TAMS 0x0000000095c00000| PB 0x0000000095c00000| Untracked 
|  63|0x0000000095d00000, 0x0000000095d00000, 0x0000000095e00000|  0%| F|  |TAMS 0x0000000095d00000| PB 0x0000000095d00000| Untracked 
|  64|0x0000000095e00000, 0x0000000095e00000, 0x0000000095f00000|  0%| F|  |TAMS 0x0000000095e00000| PB 0x0000000095e00000| Untracked 
|  65|0x0000000095f00000, 0x0000000095f00000, 0x0000000096000000|  0%| F|  |TAMS 0x0000000095f00000| PB 0x0000000095f00000| Untracked 
|  66|0x0000000096000000, 0x0000000096000000, 0x0000000096100000|  0%| F|  |TAMS 0x0000000096000000| PB 0x0000000096000000| Untracked 
|  67|0x0000000096100000, 0x0000000096100000, 0x0000000096200000|  0%| F|  |TAMS 0x0000000096100000| PB 0x0000000096100000| Untracked 
|  68|0x0000000096200000, 0x0000000096200000, 0x0000000096300000|  0%| F|  |TAMS 0x0000000096200000| PB 0x0000000096200000| Untracked 
|  69|0x0000000096300000, 0x0000000096300000, 0x0000000096400000|  0%| F|  |TAMS 0x0000000096300000| PB 0x0000000096300000| Untracked 
|  70|0x0000000096400000, 0x0000000096400000, 0x0000000096500000|  0%| F|  |TAMS 0x0000000096400000| PB 0x0000000096400000| Untracked 
|  71|0x0000000096500000, 0x0000000096500000, 0x0000000096600000|  0%| F|  |TAMS 0x0000000096500000| PB 0x0000000096500000| Untracked 
|  72|0x0000000096600000, 0x0000000096600000, 0x0000000096700000|  0%| F|  |TAMS 0x0000000096600000| PB 0x0000000096600000| Untracked 
|  73|0x0000000096700000, 0x0000000096700000, 0x0000000096800000|  0%| F|  |TAMS 0x0000000096700000| PB 0x0000000096700000| Untracked 
|  74|0x0000000096800000, 0x0000000096800000, 0x0000000096900000|  0%| F|  |TAMS 0x0000000096800000| PB 0x0000000096800000| Untracked 
|  75|0x0000000096900000, 0x0000000096900000, 0x0000000096a00000|  0%| F|  |TAMS 0x0000000096900000| PB 0x0000000096900000| Untracked 
|  76|0x0000000096a00000, 0x0000000096a00000, 0x0000000096b00000|  0%| F|  |TAMS 0x0000000096a00000| PB 0x0000000096a00000| Untracked 
|  77|0x0000000096b00000, 0x0000000096b00000, 0x0000000096c00000|  0%| F|  |TAMS 0x0000000096b00000| PB 0x0000000096b00000| Untracked 
|  78|0x0000000096c00000, 0x0000000096c00000, 0x0000000096d00000|  0%| F|  |TAMS 0x0000000096c00000| PB 0x0000000096c00000| Untracked 
|  79|0x0000000096d00000, 0x0000000096d00000, 0x0000000096e00000|  0%| F|  |TAMS 0x0000000096d00000| PB 0x0000000096d00000| Untracked 
|  80|0x0000000096e00000, 0x0000000096e00000, 0x0000000096f00000|  0%| F|  |TAMS 0x0000000096e00000| PB 0x0000000096e00000| Untracked 
|  81|0x0000000096f00000, 0x0000000096f00000, 0x0000000097000000|  0%| F|  |TAMS 0x0000000096f00000| PB 0x0000000096f00000| Untracked 
|  82|0x0000000097000000, 0x0000000097000000, 0x0000000097100000|  0%| F|  |TAMS 0x0000000097000000| PB 0x0000000097000000| Untracked 
|  83|0x0000000097100000, 0x0000000097100000, 0x0000000097200000|  0%| F|  |TAMS 0x0000000097100000| PB 0x0000000097100000| Untracked 
|  84|0x0000000097200000, 0x0000000097200000, 0x0000000097300000|  0%| F|  |TAMS 0x0000000097200000| PB 0x0000000097200000| Untracked 
|  85|0x0000000097300000, 0x0000000097300000, 0x0000000097400000|  0%| F|  |TAMS 0x0000000097300000| PB 0x0000000097300000| Untracked 
|  86|0x0000000097400000, 0x00000000974c8000, 0x0000000097500000| 78%| S|CS|TAMS 0x0000000097400000| PB 0x0000000097400000| Complete 
|  87|0x0000000097500000, 0x0000000097600000, 0x0000000097600000|100%| S|CS|TAMS 0x0000000097500000| PB 0x0000000097500000| Complete 
|  88|0x0000000097600000, 0x0000000097700000, 0x0000000097700000|100%| S|CS|TAMS 0x0000000097600000| PB 0x0000000097600000| Complete 
|  89|0x0000000097700000, 0x0000000097700000, 0x0000000097800000|  0%| F|  |TAMS 0x0000000097700000| PB 0x0000000097700000| Untracked 
|  90|0x0000000097800000, 0x0000000097833b58, 0x0000000097900000| 20%| E|  |TAMS 0x0000000097800000| PB 0x0000000097800000| Complete 
|  91|0x0000000097900000, 0x0000000097a00000, 0x0000000097a00000|100%| E|CS|TAMS 0x0000000097900000| PB 0x0000000097900000| Complete 
|  92|0x0000000097a00000, 0x0000000097b00000, 0x0000000097b00000|100%| E|CS|TAMS 0x0000000097a00000| PB 0x0000000097a00000| Complete 
|  93|0x0000000097b00000, 0x0000000097c00000, 0x0000000097c00000|100%| E|CS|TAMS 0x0000000097b00000| PB 0x0000000097b00000| Complete 
|  94|0x0000000097c00000, 0x0000000097d00000, 0x0000000097d00000|100%| E|CS|TAMS 0x0000000097c00000| PB 0x0000000097c00000| Complete 
|  95|0x0000000097d00000, 0x0000000097e00000, 0x0000000097e00000|100%| E|CS|TAMS 0x0000000097d00000| PB 0x0000000097d00000| Complete 
|  96|0x0000000097e00000, 0x0000000097f00000, 0x0000000097f00000|100%| E|CS|TAMS 0x0000000097e00000| PB 0x0000000097e00000| Complete 
|  97|0x0000000097f00000, 0x0000000098000000, 0x0000000098000000|100%| E|CS|TAMS 0x0000000097f00000| PB 0x0000000097f00000| Complete 
|  98|0x0000000098000000, 0x0000000098100000, 0x0000000098100000|100%| E|CS|TAMS 0x0000000098000000| PB 0x0000000098000000| Complete 
|  99|0x0000000098100000, 0x0000000098200000, 0x0000000098200000|100%| E|CS|TAMS 0x0000000098100000| PB 0x0000000098100000| Complete 
| 100|0x0000000098200000, 0x0000000098300000, 0x0000000098300000|100%| E|CS|TAMS 0x0000000098200000| PB 0x0000000098200000| Complete 
| 101|0x0000000098300000, 0x0000000098400000, 0x0000000098400000|100%| E|CS|TAMS 0x0000000098300000| PB 0x0000000098300000| Complete 
| 102|0x0000000098400000, 0x0000000098500000, 0x0000000098500000|100%| E|CS|TAMS 0x0000000098400000| PB 0x0000000098400000| Complete 
| 103|0x0000000098500000, 0x0000000098600000, 0x0000000098600000|100%| E|CS|TAMS 0x0000000098500000| PB 0x0000000098500000| Complete 
| 104|0x0000000098600000, 0x0000000098700000, 0x0000000098700000|100%| E|CS|TAMS 0x0000000098600000| PB 0x0000000098600000| Complete 
| 105|0x0000000098700000, 0x0000000098800000, 0x0000000098800000|100%| E|CS|TAMS 0x0000000098700000| PB 0x0000000098700000| Complete 
| 106|0x0000000098800000, 0x0000000098900000, 0x0000000098900000|100%| E|CS|TAMS 0x0000000098800000| PB 0x0000000098800000| Complete 
| 107|0x0000000098900000, 0x0000000098a00000, 0x0000000098a00000|100%| E|CS|TAMS 0x0000000098900000| PB 0x0000000098900000| Complete 
| 108|0x0000000098a00000, 0x0000000098b00000, 0x0000000098b00000|100%| E|CS|TAMS 0x0000000098a00000| PB 0x0000000098a00000| Complete 
| 109|0x0000000098b00000, 0x0000000098c00000, 0x0000000098c00000|100%| E|CS|TAMS 0x0000000098b00000| PB 0x0000000098b00000| Complete 
| 110|0x0000000098c00000, 0x0000000098d00000, 0x0000000098d00000|100%| E|CS|TAMS 0x0000000098c00000| PB 0x0000000098c00000| Complete 
| 111|0x0000000098d00000, 0x0000000098e00000, 0x0000000098e00000|100%| E|CS|TAMS 0x0000000098d00000| PB 0x0000000098d00000| Complete 

Card table byte_map: [0x000001b4ad640000,0x000001b4ad9c0000] _byte_map_base: 0x000001b4ad1b1000

Marking Bits: (CMBitMap*) 0x000001b495f193c0
 Bits: [0x000001b4add40000, 0x000001b4af8c8000)

Polling page: 0x000001b495680000

Metaspace:

Usage:
  Non-class:      6.92 MB used.
      Class:    766.95 KB used.
       Both:      7.67 MB used.

Virtual space:
  Non-class space:       64.00 MB reserved,       7.06 MB ( 11%) committed,  1 nodes.
      Class space:        1.00 GB reserved,     896.00 KB ( <1%) committed,  1 nodes.
             Both:        1.06 GB reserved,       7.94 MB ( <1%) committed. 

Chunk freelists:
   Non-Class:  992.00 KB
       Class:  3.10 MB
        Both:  4.07 MB

MaxMetaspaceSize: unlimited
CompressedClassSpaceSize: 1.00 GB
Initial GC threshold: 21.00 MB
Current GC threshold: 21.00 MB
CDS: on
MetaspaceReclaimPolicy: balanced
 - commit_granule_bytes: 65536.
 - commit_granule_words: 8192.
 - virtual_space_node_default_size: 8388608.
 - enlarge_chunks_in_place: 1.
 - new_chunks_are_fully_committed: 0.
 - uncommit_free_chunks: 1.
 - use_allocation_guard: 0.


Internal statistics:

num_allocs_failed_limit: 0.
num_arena_births: 152.
num_arena_deaths: 0.
num_vsnodes_births: 2.
num_vsnodes_deaths: 0.
num_space_committed: 127.
num_space_uncommitted: 0.
num_chunks_returned_to_freelist: 0.
num_chunks_taken_from_freelist: 202.
num_chunk_merges: 0.
num_chunk_splits: 118.
num_chunks_enlarged: 49.
num_inconsistent_stats: 0.

CodeHeap 'non-profiled nmethods': size=120000Kb used=872Kb max_used=872Kb free=119127Kb
 bounds [0x000001b4a5a60000, 0x000001b4a5cd0000, 0x000001b4acf90000]
CodeHeap 'profiled nmethods': size=120000Kb used=3631Kb max_used=3631Kb free=116369Kb
 bounds [0x000001b49df90000, 0x000001b49e320000, 0x000001b4a54c0000]
CodeHeap 'non-nmethods': size=5760Kb used=1594Kb max_used=1656Kb free=4166Kb
 bounds [0x000001b4a54c0000, 0x000001b4a5730000, 0x000001b4a5a60000]
 total_blobs=2571 nmethods=1965 adapters=517
 compilation: enabled
              stopped_count=0, restarted_count=0
 full_count=0

Compilation events (20 events):
Event: 10.182 Thread 0x000001b4b230b420 1956   !   3       java.util.concurrent.locks.LockSupport::park (47 bytes)
Event: 10.183 Thread 0x000001b4b230b420 nmethod 1956 0x000001b49e313210 code [0x000001b49e3133e0, 0x000001b49e3137c8]
Event: 10.184 Thread 0x000001b4b230b420 1957  s    3       java.awt.KeyboardFocusManager::getCurrentKeyboardFocusManager (32 bytes)
Event: 10.184 Thread 0x000001b4b230b420 nmethod 1957 0x000001b49e313990 code [0x000001b49e313b60, 0x000001b49e313f70]
Event: 10.184 Thread 0x000001b4b230b420 1958       3       java.awt.KeyboardFocusManager::getCurrentKeyboardFocusManager (7 bytes)
Event: 10.185 Thread 0x000001b4b230b420 nmethod 1958 0x000001b49e314090 code [0x000001b49e314280, 0x000001b49e314748]
Event: 10.189 Thread 0x000001b4b230b420 1959       3       java.util.concurrent.locks.AbstractQueuedSynchronizer::acquire (20 bytes)
Event: 10.190 Thread 0x000001b4b230b420 nmethod 1959 0x000001b49e314990 code [0x000001b49e314b40, 0x000001b49e314db0]
Event: 10.194 Thread 0x000001b4b230b420 1960       3       java.util.concurrent.ForkJoinPool::managedBlock (36 bytes)
Event: 10.195 Thread 0x000001b4b230b420 nmethod 1960 0x000001b49e314e90 code [0x000001b49e3150e0, 0x000001b49e315e20]
Event: 10.195 Thread 0x000001b4b230b420 1961       3       java.util.concurrent.ForkJoinPool::unmanagedBlock (31 bytes)
Event: 10.198 Thread 0x000001b4b230b420 nmethod 1961 0x000001b49e316190 code [0x000001b49e3163c0, 0x000001b49e316da0]
Event: 10.205 Thread 0x000001b4b230b420 1962       3       java.util.concurrent.locks.AbstractQueuedSynchronizer::enqueue (72 bytes)
Event: 10.206 Thread 0x000001b4b230b420 nmethod 1962 0x000001b49e317090 code [0x000001b49e3172a0, 0x000001b49e3179d8]
Event: 10.206 Thread 0x000001b4b230b420 1963       3       jdk.internal.misc.Unsafe::putIntOpaque (9 bytes)
Event: 10.207 Thread 0x000001b4b230b420 nmethod 1963 0x000001b49e317c10 code [0x000001b49e317da0, 0x000001b49e317eb8]
Event: 10.229 Thread 0x000001b4b230b420 1964       3       java.util.HashSet::remove (20 bytes)
Event: 10.230 Thread 0x000001b4b230b420 nmethod 1964 0x000001b49e317f90 code [0x000001b49e318120, 0x000001b49e318348]
Event: 10.230 Thread 0x000001b4b230b420 1965   !   3       java.util.concurrent.locks.AbstractQueuedSynchronizer::tryInitializeHead (66 bytes)
Event: 10.232 Thread 0x000001b4b230b420 nmethod 1965 0x000001b49e318410 code [0x000001b49e3185e0, 0x000001b49e318bc8]

GC Heap History (2 events):
Event: 2.818 GC heap before
{Heap before GC invocations=0 (full 0):
 garbage-first heap   total 114688K, used 40960K [0x0000000091e00000, 0x0000000100000000)
  region size 1024K, 23 young (23552K), 0 survivors (0K)
 Metaspace       used 6294K, committed 6528K, reserved 1114112K
  class space    used 681K, committed 768K, reserved 1048576K
}
Event: 2.830 GC heap after
{Heap after GC invocations=1 (full 0):
 garbage-first heap   total 114688K, used 20256K [0x0000000091e00000, 0x0000000100000000)
  region size 1024K, 3 young (3072K), 3 survivors (3072K)
 Metaspace       used 6294K, committed 6528K, reserved 1114112K
  class space    used 681K, committed 768K, reserved 1048576K
}

Dll operation events (10 events):
Event: 0.074 Loaded shared library C:\Program Files\Java\jdk-20\bin\java.dll
Event: 0.306 Loaded shared library C:\Program Files\Java\jdk-20\bin\jsvml.dll
Event: 0.459 Loaded shared library C:\Program Files\Java\jdk-20\bin\jimage.dll
Event: 0.535 Loaded shared library C:\Program Files\Java\jdk-20\bin\awt.dll
Event: 1.668 Loaded shared library C:\Program Files\Java\jdk-20\bin\zip.dll
Event: 2.414 Loaded shared library C:\Program Files\Java\jdk-20\bin\freetype.dll
Event: 2.419 Loaded shared library C:\Program Files\Java\jdk-20\bin\fontmanager.dll
Event: 2.794 Loaded shared library C:\Program Files\Java\jdk-20\bin\javajpeg.dll
Event: 3.262 Loaded shared library C:\Program Files\Java\jdk-20\bin\net.dll
Event: 3.269 Loaded shared library C:\Program Files\Java\jdk-20\bin\nio.dll

Deoptimization events (20 events):
Event: 8.280 Thread 0x000001b4fd80cee0 Uncommon trap: trap_request=0xffffff45 fr.pc=0x000001b4a5afb15c relative=0x00000000000001dc
Event: 8.280 Thread 0x000001b4fd80cee0 Uncommon trap: reason=unstable_if action=reinterpret pc=0x000001b4a5afb15c method=com.mycompany.tetrisjava.mino.GhostMino.checkStaticBlockCollision()V @ 13 c2
Event: 8.280 Thread 0x000001b4fd80cee0 DEOPT PACKING pc=0x000001b4a5afb15c sp=0x0000006dbc6ff2c0
Event: 8.280 Thread 0x000001b4fd80cee0 DEOPT UNPACKING pc=0x000001b4a5529d22 sp=0x0000006dbc6ff1c0 mode 2
Event: 10.016 Thread 0x000001b4fd5ee010 Uncommon trap: trap_request=0xffffffde fr.pc=0x000001b4a5b34618 relative=0x0000000000000118
Event: 10.016 Thread 0x000001b4fd5ee010 Uncommon trap: reason=class_check action=maybe_recompile pc=0x000001b4a5b34618 method=jdk.internal.misc.Unsafe.allocateUninitializedArray(Ljava/lang/Class;I)Ljava/lang/Object; @ 51 c2
Event: 10.016 Thread 0x000001b4fd5ee010 DEOPT PACKING pc=0x000001b4a5b34618 sp=0x0000006dbc5fdbd0
Event: 10.016 Thread 0x000001b4fd5ee010 DEOPT UNPACKING pc=0x000001b4a5529d22 sp=0x0000006dbc5fdb48 mode 2
Event: 10.017 Thread 0x000001b4fd5ee010 Uncommon trap: trap_request=0xffffffde fr.pc=0x000001b4a5b34618 relative=0x0000000000000118
Event: 10.017 Thread 0x000001b4fd5ee010 Uncommon trap: reason=class_check action=maybe_recompile pc=0x000001b4a5b34618 method=jdk.internal.misc.Unsafe.allocateUninitializedArray(Ljava/lang/Class;I)Ljava/lang/Object; @ 51 c2
Event: 10.017 Thread 0x000001b4fd5ee010 DEOPT PACKING pc=0x000001b4a5b34618 sp=0x0000006dbc5fe320
Event: 10.017 Thread 0x000001b4fd5ee010 DEOPT UNPACKING pc=0x000001b4a5529d22 sp=0x0000006dbc5fe298 mode 2
Event: 10.017 Thread 0x000001b4fd5ee010 Uncommon trap: trap_request=0xffffffde fr.pc=0x000001b4a5b34618 relative=0x0000000000000118
Event: 10.017 Thread 0x000001b4fd5ee010 Uncommon trap: reason=class_check action=maybe_recompile pc=0x000001b4a5b34618 method=jdk.internal.misc.Unsafe.allocateUninitializedArray(Ljava/lang/Class;I)Ljava/lang/Object; @ 51 c2
Event: 10.017 Thread 0x000001b4fd5ee010 DEOPT PACKING pc=0x000001b4a5b34618 sp=0x0000006dbc5fdc50
Event: 10.017 Thread 0x000001b4fd5ee010 DEOPT UNPACKING pc=0x000001b4a5529d22 sp=0x0000006dbc5fdbc8 mode 2
Event: 10.017 Thread 0x000001b4fd5ee010 Uncommon trap: trap_request=0xffffffde fr.pc=0x000001b4a5b34618 relative=0x0000000000000118
Event: 10.017 Thread 0x000001b4fd5ee010 Uncommon trap: reason=class_check action=maybe_recompile pc=0x000001b4a5b34618 method=jdk.internal.misc.Unsafe.allocateUninitializedArray(Ljava/lang/Class;I)Ljava/lang/Object; @ 51 c2
Event: 10.017 Thread 0x000001b4fd5ee010 DEOPT PACKING pc=0x000001b4a5b34618 sp=0x0000006dbc5fda40
Event: 10.017 Thread 0x000001b4fd5ee010 DEOPT UNPACKING pc=0x000001b4a5529d22 sp=0x0000006dbc5fd9b8 mode 2

Classes loaded (20 events):
Event: 5.606 Loading class java/text/AttributedCharacterIterator done
Event: 5.606 Loading class java/text/AttributedString$AttributedStringIterator done
Event: 6.015 Loading class sun/awt/DebugSettings
Event: 6.019 Loading class sun/awt/DebugSettings done
Event: 6.020 Loading class java/awt/event/ContainerEvent
Event: 6.022 Loading class java/awt/event/ContainerEvent done
Event: 6.022 Loading class javax/swing/JComponent$KeyboardState
Event: 6.023 Loading class javax/swing/JComponent$KeyboardState done
Event: 6.023 Loading class javax/swing/JComponent$IntVector
Event: 6.024 Loading class javax/swing/JComponent$IntVector done
Event: 6.024 Loading class javax/swing/JInternalFrame
Event: 6.026 Loading class javax/swing/JInternalFrame done
Event: 6.026 Loading class javax/swing/KeyboardManager
Event: 6.027 Loading class javax/swing/KeyboardManager done
Event: 6.028 Loading class javax/swing/Popup$HeavyWeightWindow
Event: 6.028 Loading class sun/awt/ModalExclude
Event: 6.029 Loading class sun/awt/ModalExclude done
Event: 6.029 Loading class javax/swing/JWindow
Event: 6.030 Loading class javax/swing/JWindow done
Event: 6.030 Loading class javax/swing/Popup$HeavyWeightWindow done

Classes unloaded (0 events):
No events

Classes redefined (0 events):
No events

Internal exceptions (12 events):
Event: 0.482 Thread 0x000001b495ec01c0 Exception <a 'java/lang/ClassNotFoundException'{0x0000000098c49338}: sun/awt/resources/spi/awtProvider> (0x0000000098c49338) 
thrown [s\open\src\hotspot\share\classfile\systemDictionary.cpp, line 305]
Event: 0.559 Thread 0x000001b495ec01c0 Exception <a 'java/io/FileNotFoundException'{0x0000000098b1a790}> (0x0000000098b1a790) 
thrown [s\open\src\hotspot\share\prims\jni.cpp, line 519]
Event: 0.573 Thread 0x000001b495ec01c0 Exception <a 'java/io/FileNotFoundException'{0x0000000098b447b0}> (0x0000000098b447b0) 
thrown [s\open\src\hotspot\share\prims\jni.cpp, line 519]
Event: 1.503 Thread 0x000001b495ec01c0 Exception <a 'java/lang/NoSuchMethodError'{0x0000000098bd2898}: 'void java.lang.invoke.DirectMethodHandle$Holder.invokeSpecial(java.lang.Object, java.lang.Object, java.lang.Object)'> (0x0000000098bd2898) 
thrown [s\open\src\hotspot\share\interpreter\linkResolver.cpp, line 773]
Event: 1.522 Thread 0x000001b495ec01c0 Exception <a 'java/lang/NoSuchMethodError'{0x0000000098a87780}: 'java.lang.Object java.lang.invoke.DirectMethodHandle$Holder.newInvokeSpecial(java.lang.Object, java.lang.Object, java.lang.Object, java.lang.Object, java.lang.Object)'> (0x0000000098a87780) 
thrown [s\open\src\hotspot\share\interpreter\linkResolver.cpp, line 773]
Event: 1.532 Thread 0x000001b495ec01c0 Exception <a 'java/lang/NoSuchMethodError'{0x0000000098ab8028}: 'java.lang.Object java.lang.invoke.DirectMethodHandle$Holder.invokeStatic(java.lang.Object, int, java.lang.Object)'> (0x0000000098ab8028) 
thrown [s\open\src\hotspot\share\interpreter\linkResolver.cpp, line 773]
Event: 1.587 Thread 0x000001b495ec01c0 Exception <a 'java/lang/ClassNotFoundException'{0x0000000098987190}: com/sun/swing/internal/plaf/metal/resources/spi/metalProvider> (0x0000000098987190) 
thrown [s\open\src\hotspot\share\classfile\systemDictionary.cpp, line 305]
Event: 1.591 Thread 0x000001b495ec01c0 Exception <a 'java/lang/ClassNotFoundException'{0x000000009898b120}: com/sun/swing/internal/plaf/basic/resources/spi/basicProvider> (0x000000009898b120) 
thrown [s\open\src\hotspot\share\classfile\systemDictionary.cpp, line 305]
Event: 1.615 Thread 0x000001b495ec01c0 Exception <a 'java/lang/NoSuchMethodError'{0x00000000989aa8f8}: 'int java.lang.invoke.Invokers$Holder.invokeExact_MT(java.lang.Object, java.lang.Object)'> (0x00000000989aa8f8) 
thrown [s\open\src\hotspot\share\interpreter\linkResolver.cpp, line 773]
Event: 1.764 Thread 0x000001b4f7fb3340 Exception <a 'java/lang/NoSuchMethodError'{0x00000000987a3170}: 'java.lang.Object java.lang.invoke.DirectMethodHandle$Holder.newInvokeSpecial(java.lang.Object, java.lang.Object, java.lang.Object, int, int, int, int, int)'> (0x00000000987a3170) 
thrown [s\open\src\hotspot\share\interpreter\linkResolver.cpp, line 773]
Event: 2.332 Thread 0x000001b4f7832da0 Exception <a 'java/lang/NoSuchMethodError'{0x0000000098a0f910}: 'void java.lang.invoke.DirectMethodHandle$Holder.invokeVirtual(java.lang.Object, java.lang.Object)'> (0x0000000098a0f910) 
thrown [s\open\src\hotspot\share\interpreter\linkResolver.cpp, line 773]
Event: 2.400 Thread 0x000001b495ec01c0 Exception <a 'java/lang/NoSuchMethodError'{0x00000000979f50e0}: 'void java.lang.invoke.DirectMethodHandle$Holder.invokeStaticInit(java.lang.Object)'> (0x00000000979f50e0) 
thrown [s\open\src\hotspot\share\interpreter\linkResolver.cpp, line 773]

VM Operations (20 events):
Event: 2.817 Executing VM operation: G1CollectForAllocation
Event: 2.830 Executing VM operation: G1CollectForAllocation done
Event: 3.245 Executing VM operation: HandshakeAllThreads
Event: 3.245 Executing VM operation: HandshakeAllThreads done
Event: 4.244 Executing VM operation: Cleanup
Event: 4.244 Executing VM operation: Cleanup done
Event: 5.188 Executing VM operation: HandshakeAllThreads
Event: 5.188 Executing VM operation: HandshakeAllThreads done
Event: 5.188 Executing VM operation: HandshakeAllThreads
Event: 5.188 Executing VM operation: HandshakeAllThreads done
Event: 5.496 Executing VM operation: HandshakeAllThreads
Event: 5.497 Executing VM operation: HandshakeAllThreads done
Event: 5.497 Executing VM operation: Cleanup
Event: 5.497 Executing VM operation: Cleanup done
Event: 6.497 Executing VM operation: Cleanup
Event: 6.497 Executing VM operation: Cleanup done
Event: 7.498 Executing VM operation: Cleanup
Event: 7.498 Executing VM operation: Cleanup done
Event: 9.498 Executing VM operation: Cleanup
Event: 9.498 Executing VM operation: Cleanup done

Events (20 events):
Event: 0.307 Thread 0x000001b495ec01c0 Thread added: 0x000001b495ec01c0
Event: 0.366 Thread 0x000001b4b22f5560 Thread added: 0x000001b4b22f5560
Event: 0.366 Thread 0x000001b4b22f6360 Thread added: 0x000001b4b22f6360
Event: 0.367 Thread 0x000001b4b22ffcc0 Thread added: 0x000001b4b22ffcc0
Event: 0.367 Thread 0x000001b4b2301810 Thread added: 0x000001b4b2301810
Event: 0.367 Thread 0x000001b4b2304160 Thread added: 0x000001b4b2304160
Event: 0.367 Thread 0x000001b4b2304aa0 Thread added: 0x000001b4b2304aa0
Event: 0.368 Thread 0x000001b4b230a300 Thread added: 0x000001b4b230a300
Event: 0.368 Thread 0x000001b4b230b420 Thread added: 0x000001b4b230b420
Event: 0.401 Thread 0x000001b4f7618830 Thread added: 0x000001b4f7618830
Event: 0.412 Thread 0x000001b4f7629e70 Thread added: 0x000001b4f7629e70
Event: 0.697 Thread 0x000001b4f77ff990 Thread added: 0x000001b4f77ff990
Event: 0.713 Thread 0x000001b4f782f7b0 Thread added: 0x000001b4f782f7b0
Event: 0.716 Thread 0x000001b4f7832da0 Thread added: 0x000001b4f7832da0
Event: 1.632 Thread 0x000001b4f7fb3340 Thread added: 0x000001b4f7fb3340
Event: 2.341 Thread 0x000001b4fd5ee010 Thread added: 0x000001b4fd5ee010
Event: 2.750 Thread 0x000001b4fd80cee0 Thread added: 0x000001b4fd80cee0
Event: 2.751 Thread 0x000001b495ec01c0 Thread exited: 0x000001b495ec01c0
Event: 2.751 Thread 0x000001b4fd80c990 Thread added: 0x000001b4fd80c990
Event: 2.768 Thread 0x000001b4fd80ded0 Thread added: 0x000001b4fd80ded0


Dynamic libraries:
0x00007ff6a8890000 - 0x00007ff6a88a0000 	C:\Program Files\Java\jdk-20\bin\java.exe
0x00007fff72930000 - 0x00007fff72b47000 	C:\Windows\SYSTEM32\ntdll.dll
0x00007fff70d30000 - 0x00007fff70df4000 	C:\Windows\System32\KERNEL32.DLL
0x00007fff6fc50000 - 0x00007fff6fff7000 	C:\Windows\System32\KERNELBASE.dll
0x00007fff703c0000 - 0x00007fff704d1000 	C:\Windows\System32\ucrtbase.dll
0x00007fff69d20000 - 0x00007fff69d39000 	C:\Program Files\Java\jdk-20\bin\jli.dll
0x00007fff46820000 - 0x00007fff4683b000 	C:\Program Files\Java\jdk-20\bin\VCRUNTIME140.dll
0x00007fff71ad0000 - 0x00007fff71b82000 	C:\Windows\System32\ADVAPI32.dll
0x00007fff71780000 - 0x00007fff71827000 	C:\Windows\System32\msvcrt.dll
0x00007fff71920000 - 0x00007fff719c8000 	C:\Windows\System32\sechost.dll
0x00007fff70600000 - 0x00007fff70628000 	C:\Windows\System32\bcrypt.dll
0x00007fff71490000 - 0x00007fff715a5000 	C:\Windows\System32\RPCRT4.dll
0x00007fff715d0000 - 0x00007fff7177e000 	C:\Windows\System32\USER32.dll
0x00007fff70630000 - 0x00007fff70656000 	C:\Windows\System32\win32u.dll
0x00007fff71830000 - 0x00007fff71859000 	C:\Windows\System32\GDI32.dll
0x00007fff704e0000 - 0x00007fff705f9000 	C:\Windows\System32\gdi32full.dll
0x00007fff56750000 - 0x00007fff569e3000 	C:\Windows\WinSxS\amd64_microsoft.windows.common-controls_6595b64144ccf1df_6.0.22621.3527_none_270e469b73872a76\COMCTL32.dll
0x00007fff700c0000 - 0x00007fff7015a000 	C:\Windows\System32\msvcp_win.dll
0x00007fff6d370000 - 0x00007fff6d37a000 	C:\Windows\SYSTEM32\VERSION.dll
0x00007fff70ae0000 - 0x00007fff70b11000 	C:\Windows\System32\IMM32.DLL
0x00007fff612e0000 - 0x00007fff612ec000 	C:\Program Files\Java\jdk-20\bin\vcruntime140_1.dll
0x00007fff4c9e0000 - 0x00007fff4ca6e000 	C:\Program Files\Java\jdk-20\bin\msvcp140.dll
0x00007fff23e90000 - 0x00007fff24b28000 	C:\Program Files\Java\jdk-20\bin\server\jvm.dll
0x00007fff69be0000 - 0x00007fff69c14000 	C:\Windows\SYSTEM32\WINMM.dll
0x00007fff578d0000 - 0x00007fff578d9000 	C:\Windows\SYSTEM32\WSOCK32.dll
0x00007fff71b90000 - 0x00007fff71c01000 	C:\Windows\System32\WS2_32.dll
0x00007fff6ebd0000 - 0x00007fff6ebe8000 	C:\Windows\SYSTEM32\kernel.appcore.dll
0x00007fff56dc0000 - 0x00007fff56dca000 	C:\Program Files\Java\jdk-20\bin\jimage.dll
0x00007fff6d0a0000 - 0x00007fff6d2d2000 	C:\Windows\SYSTEM32\DBGHELP.DLL
0x00007fff70e70000 - 0x00007fff711f8000 	C:\Windows\System32\combase.dll
0x00007fff71200000 - 0x00007fff712d7000 	C:\Windows\System32\OLEAUT32.dll
0x00007fff658f0000 - 0x00007fff65922000 	C:\Windows\SYSTEM32\dbgcore.DLL
0x00007fff701d0000 - 0x00007fff70249000 	C:\Windows\System32\bcryptPrimitives.dll
0x00007fff467f0000 - 0x00007fff46816000 	C:\Program Files\Java\jdk-20\bin\java.dll
0x00007fff3e9b0000 - 0x00007fff3ea87000 	C:\Program Files\Java\jdk-20\bin\jsvml.dll
0x00007fff71ed0000 - 0x00007fff7272c000 	C:\Windows\System32\SHELL32.dll
0x00007fff6db40000 - 0x00007fff6e436000 	C:\Windows\SYSTEM32\windows.storage.dll
0x00007fff6da00000 - 0x00007fff6db3e000 	C:\Windows\SYSTEM32\wintypes.dll
0x00007fff719d0000 - 0x00007fff71ac5000 	C:\Windows\System32\SHCORE.dll
0x00007fff70e00000 - 0x00007fff70e5e000 	C:\Windows\System32\shlwapi.dll
0x00007fff6fb80000 - 0x00007fff6fba1000 	C:\Windows\SYSTEM32\profapi.dll
0x00007fff25e70000 - 0x00007fff26001000 	C:\Program Files\Java\jdk-20\bin\awt.dll
0x00007fff69010000 - 0x00007fff690a7000 	C:\Windows\SYSTEM32\apphelp.dll
0x00007fff6cd30000 - 0x00007fff6cd5b000 	C:\Windows\system32\DWMAPI.DLL
0x00007fff6c900000 - 0x00007fff6c9ab000 	C:\Windows\system32\uxtheme.dll
0x00007fff25d70000 - 0x00007fff25e70000 	C:\Windows\system32\opengl32.dll
0x00007fff3e8f0000 - 0x00007fff3e91d000 	C:\Windows\SYSTEM32\GLU32.dll
0x00007fff6ca00000 - 0x00007fff6ca39000 	C:\Windows\SYSTEM32\dxcore.dll
0x00007fff71c30000 - 0x00007fff71d83000 	C:\Windows\System32\MSCTF.dll
0x00007fff712e0000 - 0x00007fff71485000 	C:\Windows\System32\ole32.dll
0x00007fff25640000 - 0x00007fff257e9000 	C:\Windows\system32\d3d9.dll
0x00007fff5b540000 - 0x00007fff5b6fb000 	C:\Windows\System32\DriverStore\FileRepository\u0400376.inf_amd64_fdce69582fa3a6b8\B400781\aticfx64.dll
0x00007fff65100000 - 0x00007fff65134000 	C:\Windows\System32\DriverStore\FileRepository\u0400376.inf_amd64_fdce69582fa3a6b8\B400781\atiu9p64.dll
0x00007fff2c290000 - 0x00007fff2cfd7000 	C:\Windows\System32\DriverStore\FileRepository\u0400376.inf_amd64_fdce69582fa3a6b8\B400781\atiumd64.dll
0x0000000075dd0000 - 0x0000000076ce3000 	C:\Windows\System32\DriverStore\FileRepository\u0400376.inf_amd64_fdce69582fa3a6b8\B400781\atiumd6a.dll
0x00007fff70660000 - 0x00007fff70ad4000 	C:\Windows\System32\SETUPAPI.dll
0x00007fff6fb10000 - 0x00007fff6fb5d000 	C:\Windows\SYSTEM32\POWRPROF.dll
0x00007fff6faf0000 - 0x00007fff6fb03000 	C:\Windows\SYSTEM32\UMPDC.dll
0x00007fff58fd0000 - 0x00007fff59005000 	C:\Windows\SYSTEM32\amdihk64.dll
0x00007fff617f0000 - 0x00007fff6183a000 	C:\Windows\SYSTEM32\directxdatabasehelper.dll
0x00007fff3e950000 - 0x00007fff3e968000 	C:\Program Files\Java\jdk-20\bin\zip.dll
0x00007fff25ce0000 - 0x00007fff25d66000 	C:\Program Files\Java\jdk-20\bin\freetype.dll
0x00007fff25c00000 - 0x00007fff25cd3000 	C:\Program Files\Java\jdk-20\bin\fontmanager.dll
0x00007fff57020000 - 0x00007fff5716b000 	C:\Windows\SYSTEM32\textinputframework.dll
0x00007fff71e20000 - 0x00007fff71ed0000 	C:\Windows\System32\clbcatq.dll
0x00007fff544a0000 - 0x00007fff544eb000 	C:\Windows\system32\ApplicationTargetedFeatureDatabase.dll
0x00007fff5c490000 - 0x00007fff5c71b000 	C:\Windows\System32\twinapi.appcore.dll
0x00007fff64920000 - 0x00007fff6494e000 	C:\Program Files\Java\jdk-20\bin\javajpeg.dll
0x00007fff3e990000 - 0x00007fff3e9a3000 	C:\Program Files\Java\jdk-20\bin\net.dll
0x00007fff6b090000 - 0x00007fff6b1c6000 	C:\Windows\SYSTEM32\WINHTTP.dll
0x00007fff6f090000 - 0x00007fff6f0f9000 	C:\Windows\system32\mswsock.dll
0x00007fff3e970000 - 0x00007fff3e986000 	C:\Program Files\Java\jdk-20\bin\nio.dll
0x00007fff68020000 - 0x00007fff68153000 	C:\Windows\SYSTEM32\CoreMessaging.dll
0x00007fff5f220000 - 0x00007fff5f58c000 	C:\Windows\SYSTEM32\CoreUIComponents.dll
0x00007fff6f3c0000 - 0x00007fff6f3cc000 	C:\Windows\SYSTEM32\CRYPTBASE.DLL

dbghelp: loaded successfully - version: 4.0.5 - missing functions: none
symbol engine: initialized successfully - sym options: 0x614 - pdb path: .;C:\Program Files\Java\jdk-20\bin;C:\Windows\SYSTEM32;C:\Windows\WinSxS\amd64_microsoft.windows.common-controls_6595b64144ccf1df_6.0.22621.3527_none_270e469b73872a76;C:\Program Files\Java\jdk-20\bin\server;C:\Windows\System32\DriverStore\FileRepository\u0400376.inf_amd64_fdce69582fa3a6b8\B400781

VM Arguments:
java_command: com.mycompany.tetrisjava.Start
java_class_path (initial): C:\Users\manue\Documents\NetBeansProjects\TetrisJava\target\classes
Launcher Type: SUN_STANDARD

[Global flags]
     intx CICompilerCount                          = 4                                         {product} {ergonomic}
     uint ConcGCThreads                            = 2                                         {product} {ergonomic}
     uint G1ConcRefinementThreads                  = 8                                         {product} {ergonomic}
   size_t G1HeapRegionSize                         = 1048576                                   {product} {ergonomic}
    uintx GCDrainStackTargetSize                   = 64                                        {product} {ergonomic}
   size_t InitialHeapSize                          = 117440512                                 {product} {ergonomic}
   size_t MarkStackSize                            = 4194304                                   {product} {ergonomic}
   size_t MaxHeapSize                              = 1847590912                                {product} {ergonomic}
   size_t MaxNewSize                               = 1108344832                                {product} {ergonomic}
   size_t MinHeapDeltaBytes                        = 1048576                                   {product} {ergonomic}
   size_t MinHeapSize                              = 8388608                                   {product} {ergonomic}
    uintx NonNMethodCodeHeapSize                   = 5839372                                {pd product} {ergonomic}
    uintx NonProfiledCodeHeapSize                  = 122909434                              {pd product} {ergonomic}
    uintx ProfiledCodeHeapSize                     = 122909434                              {pd product} {ergonomic}
    uintx ReservedCodeCacheSize                    = 251658240                              {pd product} {ergonomic}
     bool SegmentedCodeCache                       = true                                      {product} {ergonomic}
   size_t SoftMaxHeapSize                          = 1847590912                             {manageable} {ergonomic}
     bool UseCompressedClassPointers               = true                           {product lp64_product} {ergonomic}
     bool UseCompressedOops                        = true                           {product lp64_product} {ergonomic}
     bool UseG1GC                                  = true                                      {product} {ergonomic}
     bool UseLargePagesIndividualAllocation        = false                                  {pd product} {ergonomic}

Logging:
Log output configuration:
 #0: stdout all=warning uptime,level,tags foldmultilines=false
 #1: stderr all=off uptime,level,tags foldmultilines=false

Environment Variables:
JAVA_HOME=C:\Program Files\Java\jdk-20
PATH=C:\Program Files\Common Files\Oracle\Java\javapath;C:\Windows\system32;C:\Windows;C:\Windows\System32\Wbem;C:\Windows\System32\WindowsPowerShell\v1.0\;C:\Windows\System32\OpenSSH\;C:\ProgramData\chocolatey\bin;C:\Users\manue\AppData\Local\Microsoft\WindowsApps;C:\Users\manue\AppData\Local\Programs\Microsoft VS Code\bin
USERNAME=manue
OS=Windows_NT
PROCESSOR_IDENTIFIER=AMD64 Family 23 Model 24 Stepping 1, AuthenticAMD
TMP=C:\Users\manue\AppData\Local\Temp
TEMP=C:\Users\manue\AppData\Local\Temp




---------------  S Y S T E M  ---------------

OS:
 Windows 11 , 64 bit Build 22621 (10.0.22621.3527)
OS uptime: 0 days 2:15 hours
Hyper-V role detected

CPU: total 8 (initial active 8) (8 cores per cpu, 2 threads per core) family 23 model 24 stepping 1 microcode 0x0, cx8, cmov, fxsr, ht, mmx, 3dnowpref, sse, sse2, sse3, ssse3, sse4a, sse4.1, sse4.2, popcnt, lzcnt, tsc, tscinvbit, avx, avx2, aes, clmul, bmi1, bmi2, adx, sha, fma, vzeroupper, clflush, clflushopt, hv, rdtscp, f16c

Memory: 4k page, system-wide physical 7046M (15M free)
TotalPageFile size 28550M (AvailPageFile size 0M)
current process WorkingSet (physical memory assigned to process): 14M, peak: 80M
current process commit charge ("private bytes"): 291M, peak: 298M

vm_info: Java HotSpot(TM) 64-Bit Server VM (20.0.2+9-78) for windows-amd64 JRE (20.0.2+9-78), built on 2023-06-14T10:08:48Z by "mach5one" with MS VC++ 17.1 (VS2022)

END.
